<?xml version="1.0" encoding="UTF-8" ?>
<testsuite failures="0" time="0.133" errors="1" skipped="0" tests="11" name="com.engine.common.socket.codec.JsonCodeTest">
  <properties>
    <property name="java.runtime.name" value="Java(TM) SE Runtime Environment"/>
    <property name="sun.boot.library.path" value="E:\Program Files\Java\jdk1.7.0_60\jre\bin"/>
    <property name="java.vm.version" value="24.60-b09"/>
    <property name="java.vm.vendor" value="Oracle Corporation"/>
    <property name="java.vendor.url" value="http://java.oracle.com/"/>
    <property name="path.separator" value=";"/>
    <property name="guice.disable.misplaced.annotation.check" value="true"/>
    <property name="java.vm.name" value="Java HotSpot(TM) 64-Bit Server VM"/>
    <property name="file.encoding.pkg" value="sun.io"/>
    <property name="user.script" value=""/>
    <property name="user.country" value="CN"/>
    <property name="sun.java.launcher" value="SUN_STANDARD"/>
    <property name="sun.os.patch.level" value="Service Pack 1"/>
    <property name="java.vm.specification.name" value="Java Virtual Machine Specification"/>
    <property name="user.dir" value="E:\projects\workspaceofsango2\common\common-socket"/>
    <property name="java.runtime.version" value="1.7.0_60-b19"/>
    <property name="java.awt.graphicsenv" value="sun.awt.Win32GraphicsEnvironment"/>
    <property name="java.endorsed.dirs" value="E:\Program Files\Java\jdk1.7.0_60\jre\lib\endorsed"/>
    <property name="os.arch" value="amd64"/>
    <property name="java.io.tmpdir" value="C:\Users\ADMINI~1\AppData\Local\Temp\"/>
    <property name="line.separator" value="
"/>
    <property name="java.vm.specification.vendor" value="Oracle Corporation"/>
    <property name="user.variant" value=""/>
    <property name="os.name" value="Windows 7"/>
    <property name="classworlds.conf" value="E:\projects\workspaceofsango2\.metadata\.plugins\org.eclipse.m2e.launching\launches\m2conf5006129172373183670.tmp"/>
    <property name="sun.jnu.encoding" value="GBK"/>
    <property name="java.library.path" value="E:\Program Files\Java\jdk1.7.0_60\bin;C:\Windows\Sun\Java\bin;C:\Windows\system32;C:\Windows;C:\Program Files (x86)\Intel\iCLS Client\;C:\Program Files\Intel\iCLS Client\;C:\Windows\system32;C:\Windows;C:\Windows\System32\Wbem;C:\Windows\System32\WindowsPowerShell\v1.0\;C:\Program Files\Intel\Intel(R) Management Engine Components\DAL;C:\Program Files\Intel\Intel(R) Management Engine Components\IPT;C:\Program Files (x86)\Intel\Intel(R) Management Engine Components\DAL;C:\Program Files (x86)\Intel\Intel(R) Management Engine Components\IPT;C:\Program Files (x86)\NVIDIA Corporation\PhysX\Common;E:\Program Files\TortoiseSVN\bin;E:\Program Files\Java\jdk1.6.0_45\bin;E:\Program Files\Java\jdk1.6.0_45\jre\bin;E:\apache-maven-3.2.2\bin;F:\Program Files\IDM Computer Solutions\UltraEdit\;."/>
    <property name="java.specification.name" value="Java Platform API Specification"/>
    <property name="java.class.version" value="51.0"/>
    <property name="sun.management.compiler" value="HotSpot 64-Bit Tiered Compilers"/>
    <property name="os.version" value="6.1"/>
    <property name="user.home" value="C:\Users\Administrator"/>
    <property name="user.timezone" value="Asia/Shanghai"/>
    <property name="java.awt.printerjob" value="sun.awt.windows.WPrinterJob"/>
    <property name="java.specification.version" value="1.7"/>
    <property name="file.encoding" value="GBK"/>
    <property name="user.name" value="Administrator"/>
    <property name="java.class.path" value="E:\apache-maven-3.2.2\boot\plexus-classworlds-2.5.1.jar"/>
    <property name="org.slf4j.simpleLogger.defaultLogLevel" value="info"/>
    <property name="java.vm.specification.version" value="1.7"/>
    <property name="sun.arch.data.model" value="64"/>
    <property name="java.home" value="E:\Program Files\Java\jdk1.7.0_60\jre"/>
    <property name="sun.java.command" value="org.codehaus.classworlds.Launcher -B -s C:\Users\Administrator\.m2\settings.xml test"/>
    <property name="java.specification.vendor" value="Oracle Corporation"/>
    <property name="user.language" value="zh"/>
    <property name="awt.toolkit" value="sun.awt.windows.WToolkit"/>
    <property name="java.vm.info" value="mixed mode"/>
    <property name="java.version" value="1.7.0_60"/>
    <property name="java.ext.dirs" value="E:\Program Files\Java\jdk1.7.0_60\jre\lib\ext;C:\Windows\Sun\Java\lib\ext"/>
    <property name="sun.boot.class.path" value="E:\Program Files\Java\jdk1.7.0_60\jre\lib\resources.jar;E:\Program Files\Java\jdk1.7.0_60\jre\lib\rt.jar;E:\Program Files\Java\jdk1.7.0_60\jre\lib\sunrsasign.jar;E:\Program Files\Java\jdk1.7.0_60\jre\lib\jsse.jar;E:\Program Files\Java\jdk1.7.0_60\jre\lib\jce.jar;E:\Program Files\Java\jdk1.7.0_60\jre\lib\charsets.jar;E:\Program Files\Java\jdk1.7.0_60\jre\lib\jfr.jar;E:\Program Files\Java\jdk1.7.0_60\jre\classes"/>
    <property name="java.vendor" value="Oracle Corporation"/>
    <property name="maven.home" value="E:\apache-maven-3.2.2"/>
    <property name="file.separator" value="\"/>
    <property name="java.vendor.url.bug" value="http://bugreport.sun.com/bugreport/"/>
    <property name="maven.bootclasspath" value="E:\apache-maven-3.2.2\boot\plexus-classworlds-2.5.1.jar"/>
    <property name="sun.cpu.endian" value="little"/>
    <property name="sun.io.unicode.encoding" value="UnicodeLittle"/>
    <property name="sun.desktop" value="windows"/>
    <property name="sun.cpu.isalist" value="amd64"/>
  </properties>
  <testcase time="0.022" classname="com.engine.common.socket.codec.JsonCodeTest" name="test_string_encode"/>
  <testcase time="0.013" classname="com.engine.common.socket.codec.JsonCodeTest" name="test_string_decode">
    <error message="com.engine.common.socket.exception.DecodeException: JSON解码失败:Invalid UTF-8 middle byte 0xd0
 at [Source: [B@d7e2651; line: 1, column: 4]" type="com.engine.common.socket.exception.DecodeException">com.engine.common.socket.exception.DecodeException: com.engine.common.socket.exception.DecodeException: JSON解码失败:Invalid UTF-8 middle byte 0xd0
 at [Source: [B@d7e2651; line: 1, column: 4]
	at com.engine.common.socket.codec.CoderSupport.decode(CoderSupport.java:26)
	at com.engine.common.socket.codec.JsonCodeTest.test_string_decode(JsonCodeTest.java:51)
	at sun.reflect.NativeMethodAccessorImpl.invoke0(Native Method)
	at sun.reflect.NativeMethodAccessorImpl.invoke(NativeMethodAccessorImpl.java:57)
	at sun.reflect.DelegatingMethodAccessorImpl.invoke(DelegatingMethodAccessorImpl.java:43)
	at java.lang.reflect.Method.invoke(Method.java:606)
	at org.junit.runners.model.FrameworkMethod$1.runReflectiveCall(FrameworkMethod.java:44)
	at org.junit.internal.runners.model.ReflectiveCallable.run(ReflectiveCallable.java:15)
	at org.junit.runners.model.FrameworkMethod.invokeExplosively(FrameworkMethod.java:41)
	at org.junit.internal.runners.statements.InvokeMethod.evaluate(InvokeMethod.java:20)
	at org.junit.runners.ParentRunner.runLeaf(ParentRunner.java:263)
	at org.junit.runners.BlockJUnit4ClassRunner.runChild(BlockJUnit4ClassRunner.java:69)
	at org.junit.runners.BlockJUnit4ClassRunner.runChild(BlockJUnit4ClassRunner.java:48)
	at org.junit.runners.ParentRunner$3.run(ParentRunner.java:231)
	at org.junit.runners.ParentRunner$1.schedule(ParentRunner.java:60)
	at org.junit.runners.ParentRunner.runChildren(ParentRunner.java:229)
	at org.junit.runners.ParentRunner.access$000(ParentRunner.java:50)
	at org.junit.runners.ParentRunner$2.evaluate(ParentRunner.java:222)
	at org.junit.runners.ParentRunner.run(ParentRunner.java:292)
	at org.apache.maven.surefire.junit4.JUnit4Provider.execute(JUnit4Provider.java:252)
	at org.apache.maven.surefire.junit4.JUnit4Provider.executeTestSet(JUnit4Provider.java:141)
	at org.apache.maven.surefire.junit4.JUnit4Provider.invoke(JUnit4Provider.java:112)
	at sun.reflect.NativeMethodAccessorImpl.invoke0(Native Method)
	at sun.reflect.NativeMethodAccessorImpl.invoke(NativeMethodAccessorImpl.java:57)
	at sun.reflect.DelegatingMethodAccessorImpl.invoke(DelegatingMethodAccessorImpl.java:43)
	at java.lang.reflect.Method.invoke(Method.java:606)
	at org.apache.maven.surefire.util.ReflectionUtils.invokeMethodWithArray(ReflectionUtils.java:189)
	at org.apache.maven.surefire.booter.ProviderFactory$ProviderProxy.invoke(ProviderFactory.java:165)
	at org.apache.maven.surefire.booter.ProviderFactory.invokeProvider(ProviderFactory.java:85)
	at org.apache.maven.surefire.booter.ForkedBooter.runSuitesInProcess(ForkedBooter.java:115)
	at org.apache.maven.surefire.booter.ForkedBooter.main(ForkedBooter.java:75)
Caused by: com.engine.common.socket.exception.DecodeException: JSON解码失败:Invalid UTF-8 middle byte 0xd0
 at [Source: [B@d7e2651; line: 1, column: 4]
	at com.engine.common.socket.codec.JsonCoder.doDecode(JsonCoder.java:60)
	at com.engine.common.socket.codec.CoderSupport.decode(CoderSupport.java:24)
	... 30 more
Caused by: org.codehaus.jackson.JsonParseException: Invalid UTF-8 middle byte 0xd0
 at [Source: [B@d7e2651; line: 1, column: 4]
	at org.codehaus.jackson.JsonParser._constructError(JsonParser.java:1291)
	at org.codehaus.jackson.impl.JsonParserMinimalBase._reportError(JsonParserMinimalBase.java:385)
	at org.codehaus.jackson.impl.Utf8StreamParser._reportInvalidOther(Utf8StreamParser.java:2242)
	at org.codehaus.jackson.impl.Utf8StreamParser._reportInvalidOther(Utf8StreamParser.java:2249)
	at org.codehaus.jackson.impl.Utf8StreamParser._decodeUtf8_2(Utf8StreamParser.java:2038)
	at org.codehaus.jackson.impl.Utf8StreamParser._finishString2(Utf8StreamParser.java:1441)
	at org.codehaus.jackson.impl.Utf8StreamParser._finishString(Utf8StreamParser.java:1394)
	at org.codehaus.jackson.impl.Utf8StreamParser.getText(Utf8StreamParser.java:113)
	at org.codehaus.jackson.map.deser.StdDeserializer$StringDeserializer.deserialize(StdDeserializer.java:653)
	at org.codehaus.jackson.map.deser.StdDeserializer$StringDeserializer.deserialize(StdDeserializer.java:640)
	at org.codehaus.jackson.map.ObjectMapper._readMapAndClose(ObjectMapper.java:2395)
	at org.codehaus.jackson.map.ObjectMapper.readValue(ObjectMapper.java:1713)
	at com.engine.common.socket.codec.JsonCoder.decodeByType(JsonCoder.java:71)
	at com.engine.common.socket.codec.JsonCoder.doDecode(JsonCoder.java:54)
	... 31 more
</error>
    <system-out>2015-10-20 12:07:05,856 INFO com.engine.common.socket.codec.JsonCoder - JSON解码失败:Invalid UTF-8 middle byte 0xd0
 at [Source: [B@d7e2651; line: 1, column: 4]
</system-out>
  </testcase>
  <testcase time="0.044" classname="com.engine.common.socket.codec.JsonCodeTest" name="test_collection"/>
  <testcase time="0.023" classname="com.engine.common.socket.codec.JsonCodeTest" name="test_node_array"/>
  <testcase time="0" classname="com.engine.common.socket.codec.JsonCodeTest" name="test_array_object"/>
  <testcase time="0.005" classname="com.engine.common.socket.codec.JsonCodeTest" name="test_number"/>
  <testcase time="0.003" classname="com.engine.common.socket.codec.JsonCodeTest" name="test_array"/>
  <testcase time="0" classname="com.engine.common.socket.codec.JsonCodeTest" name="test_object"/>
  <testcase time="0.023" classname="com.engine.common.socket.codec.JsonCodeTest" name="test_map"/>
  <testcase time="0" classname="com.engine.common.socket.codec.JsonCodeTest" name="test_generic"/>
  <testcase time="0" classname="com.engine.common.socket.codec.JsonCodeTest" name="test_node_map"/>
</testsuite>